<?xml version="1.0" encoding="UTF-8"?>
<!-- Generated by org.testng.reporters.JUnitReportReporter -->
<testsuite skipped="0" hostname="EC2AMAZ-JP7UKQJ" name="demo.TC_01" tests="1" failures="0" timestamp="2020-03-16T23:12:09 UTC" time="2.344" errors="0">
  <testcase name="test_post" time="2.344" classname="demo.TC_01"/>
  <system-out/>
</testsuite> <!-- demo.TC_01 -->
