<?xml version="1.0" encoding="UTF-8"?>
<!-- Generated by org.testng.reporters.JUnitReportReporter -->
<testsuite skipped="0" hostname="DESKTOP-CKK8A56" name="testdemo.Tests_Patch" tests="1" failures="0" timestamp="15 Jan 2022 15:14:23 GMT" time="4.754" errors="0">
  <testcase name="test_3_patch" time="4.754" classname="testdemo.Tests_Patch"/>
</testsuite> <!-- testdemo.Tests_Patch -->
