<?xml version="1.0" encoding="UTF-8"?>
<!-- Generated by org.testng.reporters.JUnitReportReporter -->
<testsuite skipped="0" hostname="DESKTOP-CKK8A56" name="testdemo.Tests_POST" tests="1" failures="0" timestamp="15 Jan 2022 15:10:00 GMT" time="4.582" errors="0">
  <testcase name="test_1_post" time="4.582" classname="testdemo.Tests_POST"/>
</testsuite> <!-- testdemo.Tests_POST -->
