<?xml version="1.0" encoding="UTF-8"?>
<!-- Generated by org.testng.reporters.JUnitReportReporter -->
<testsuite skipped="0" hostname="DESKTOP-CKK8A56" name="testdemo.Tests_Delete" tests="1" failures="0" timestamp="15 Jan 2022 15:15:19 GMT" time="4.648" errors="0">
  <testcase name="test_4_delete" time="4.648" classname="testdemo.Tests_Delete"/>
</testsuite> <!-- testdemo.Tests_Delete -->
