<?xml version="1.0" encoding="UTF-8"?>
<!-- Generated by org.testng.reporters.JUnitReportReporter -->
<testsuite skipped="0" hostname="DESKTOP-CKK8A56" name="testdemo.TC01_GET" tests="1" failures="0" timestamp="15 Jan 2022 15:04:32 GMT" time="3.817" errors="0">
  <testcase name="testGet_1" time="3.817" classname="testdemo.TC01_GET"/>
</testsuite> <!-- testdemo.TC01_GET -->
