<?xml version="1.0" encoding="UTF-8"?>
<!-- Generated by org.testng.reporters.JUnitReportReporter -->
<testsuite skipped="0" hostname="DESKTOP-CKK8A56" name="testdemo.TC_01" tests="1" failures="0" timestamp="15 Jan 2022 14:57:43 GMT" time="5.143" errors="0">
  <testcase name="test_post" time="5.143" classname="testdemo.TC_01"/>
</testsuite> <!-- testdemo.TC_01 -->
