<?xml version="1.0" encoding="UTF-8"?>
<!-- Generated by org.testng.reporters.JUnitReportReporter -->
<testsuite skipped="0" hostname="DESKTOP-CKK8A56" name="testdemo.Tests_Put" tests="1" failures="0" timestamp="15 Jan 2022 15:12:50 GMT" time="4.767" errors="0">
  <testcase name="test_2_put" time="4.767" classname="testdemo.Tests_Put"/>
</testsuite> <!-- testdemo.Tests_Put -->
